
01/17 23:50:54 [[1;32mNOTICE[0m] Downloading 1 item(s)
[#50d851 0B/0B CN:1 DL:0B]
[#50d851 85MiB/127GiB(0%) CN:4 DL:0B]
[#50d851 85MiB/127GiB(0%) CN:4 DL:578KiB ETA:64h2m43s]
[#50d851 86MiB/127GiB(0%) CN:4 DL:644KiB ETA:57h30m53s]
[#50d851 87MiB/127GiB(0%) CN:4 DL:726KiB ETA:50h59m26s]
[#50d851 87MiB/127GiB(0%) CN:4 DL:793KiB ETA:46h42m59s]
[#50d851 88MiB/127GiB(0%) CN:4 DL:833KiB ETA:44h27m51s]
[#50d851 89MiB/127GiB(0%) CN:4 DL:842KiB ETA:44h3s]
[#50d851 90MiB/127GiB(0%) CN:4 DL:887KiB ETA:41h45m51s]
[#50d851 91MiB/127GiB(0%) CN:4 DL:907KiB ETA:40h48m32s]
[#50d851 92MiB/127GiB(0%) CN:4 DL:911KiB ETA:40h40m18s]
[#50d851 93MiB/127GiB(0%) CN:4 DL:907KiB ETA:40h50m57s]
[#50d851 94MiB/127GiB(0%) CN:4 DL:0.9MiB ETA:39h44m29s]
[#50d851 95MiB/127GiB(0%) CN:4 DL:878KiB ETA:42h11m40s]
[#50d851 95MiB/127GiB(0%) CN:4 DL:855KiB ETA:43h18m9s]
[#50d851 96MiB/127GiB(0%) CN:4 DL:818KiB ETA:45h14m41s]
[#50d851 96MiB/127GiB(0%) CN:4 DL:766KiB ETA:48h20m20s]
[#50d851 97MiB/127GiB(0%) CN:4 DL:720KiB ETA:51h23m59s]
[#50d851 97MiB/127GiB(0%) CN:4 DL:672KiB ETA:55h5m55s]
[#50d851 98MiB/127GiB(0%) CN:4 DL:616KiB ETA:60h8m34s]
[#50d851 98MiB/127GiB(0%) CN:4 DL:617KiB ETA:60h10s]
[#50d851 99MiB/127GiB(0%) CN:4 DL:596KiB ETA:62h4m18s]
[#50d851 100MiB/127GiB(0%) CN:4 DL:561KiB ETA:65h58m17s]
[#50d851 101MiB/127GiB(0%) CN:4 DL:602KiB ETA:61h27m25s]
[#50d851 101MiB/127GiB(0%) CN:4 DL:621KiB ETA:59h38m29s]
[#50d851 102MiB/127GiB(0%) CN:4 DL:656KiB ETA:56h23m59s]
[#50d851 103MiB/127GiB(0%) CN:4 DL:670KiB ETA:55h13m2s]
[#50d851 104MiB/127GiB(0%) CN:4 DL:699KiB ETA:52h56m47s]
[#50d851 104MiB/127GiB(0%) CN:4 DL:716KiB ETA:51h44m33s]
[#50d851 105MiB/127GiB(0%) CN:4 DL:725KiB ETA:51h4m11s]
[#50d851 105MiB/127GiB(0%) CN:4 DL:708KiB ETA:52h19m47s]
[#50d851 106MiB/127GiB(0%) CN:4 DL:713KiB ETA:51h53m27s]
[#50d851 107MiB/127GiB(0%) CN:4 DL:706KiB ETA:52h27m3s]
[#50d851 108MiB/127GiB(0%) CN:4 DL:711KiB ETA:52h4m16s]
[#50d851 108MiB/127GiB(0%) CN:4 DL:709KiB ETA:52h11m20s]
[#50d851 109MiB/127GiB(0%) CN:4 DL:718KiB ETA:51h32m52s]
[#50d851 110MiB/127GiB(0%) CN:4 DL:722KiB ETA:51h14m57s]
[#50d851 111MiB/127GiB(0%) CN:4 DL:731KiB ETA:50h37m1s]
[#50d851 112MiB/127GiB(0%) CN:4 DL:744KiB ETA:49h46m52s]
[#50d851 113MiB/127GiB(0%) CN:4 DL:811KiB ETA:45h38m2s]
[#50d851 113MiB/127GiB(0%) CN:4 DL:797KiB ETA:46h26m30s]
[#50d851 115MiB/127GiB(0%) CN:4 DL:858KiB ETA:43h7m52s]
[#50d851 115MiB/127GiB(0%) CN:4 DL:872KiB ETA:42h27m37s]
[#50d851 116MiB/127GiB(0%) CN:4 DL:892KiB ETA:41h30m5s]
[#50d851 117MiB/127GiB(0%) CN:4 DL:890KiB ETA:41h35m4s]
[#50d851 118MiB/127GiB(0%) CN:4 DL:905KiB ETA:40h55m7s]
[#50d851 119MiB/127GiB(0%) CN:4 DL:894KiB ETA:41h24m59s]
[#50d851 120MiB/127GiB(0%) CN:4 DL:911KiB ETA:40h37m39s]
[#50d851 121MiB/127GiB(0%) CN:4 DL:911KiB ETA:40h38m17s]
[#50d851 122MiB/127GiB(0%) CN:4 DL:0.9MiB ETA:39h43m36s]
[#50d851 123MiB/127GiB(0%) CN:4 DL:0.9MiB ETA:39h14m48s]
[#50d851 124MiB/127GiB(0%) CN:4 DL:0.9MiB ETA:38h6m15s]
[#50d851 125MiB/127GiB(0%) CN:4 DL:1.0MiB ETA:36h1m48s]
[#50d851 126MiB/127GiB(0%) CN:4 DL:0.9MiB ETA:36h47m28s]
[#50d851 128MiB/127GiB(0%) CN:4 DL:1.0MiB ETA:33h51m14s]
[#50d851 129MiB/127GiB(0%) CN:4 DL:1.0MiB ETA:32h52m8s]
[#50d851 130MiB/127GiB(0%) CN:4 DL:1.1MiB ETA:31h53m17s]
[#50d851 131MiB/127GiB(0%) CN:4 DL:1.1MiB ETA:31h5m16s]
[#50d851 132MiB/127GiB(0%) CN:4 DL:1.1MiB ETA:31h13m4s]
 *** Download Progress Summary as of Sat Jan 17 23:51:54 2026 *** 
===============================================================================
[#50d851 133MiB/127GiB(0%) CN:4 DL:1.1MiB ETA:31h7m24s]
FILE: /scratch/iglesiay/databases/GTDB/gtdb_genomes_reps.tar.gz
-------------------------------------------------------------------------------

[#50d851 133MiB/127GiB(0%) CN:4 DL:1.1MiB ETA:31h7m24s]
[#50d851 135MiB/127GiB(0%) CN:4 DL:1.1MiB ETA:30h28m58s]
[#50d851 136MiB/127GiB(0%) CN:4 DL:1.1MiB ETA:31h51m58s]
[#50d851 137MiB/127GiB(0%) CN:4 DL:1.2MiB ETA:30h4m35s]
[#50d851 138MiB/127GiB(0%) CN:4 DL:1.1MiB ETA:30h59m41s]
[#50d851 139MiB/127GiB(0%) CN:4 DL:1.1MiB ETA:31h51m45s]
[#50d851 140MiB/127GiB(0%) CN:4 DL:1.1MiB ETA:32h30m16s]
[#50d851 141MiB/127GiB(0%) CN:4 DL:1.0MiB ETA:33h30m2s]
[#50d851 142MiB/127GiB(0%) CN:4 DL:1.0MiB ETA:34h27m51s]
[#50d851 143MiB/127GiB(0%) CN:4 DL:1.0MiB ETA:35h23m38s]
[#50d851 143MiB/127GiB(0%) CN:4 DL:0.9MiB ETA:37h44m14s]
[#50d851 144MiB/127GiB(0%) CN:4 DL:0.9MiB ETA:38h26m8s]
[#50d851 145MiB/127GiB(0%) CN:4 DL:872KiB ETA:42h26m8s]
[#50d851 146MiB/127GiB(0%) CN:4 DL:846KiB ETA:43h44m49s]
[#50d851 146MiB/127GiB(0%) CN:4 DL:876KiB ETA:42h14m44s]
[#50d851 147MiB/127GiB(0%) CN:4 DL:848KiB ETA:43h38m]
[#50d851 148MiB/127GiB(0%) CN:4 DL:814KiB ETA:45h28m38s]
[#50d851 149MiB/127GiB(0%) CN:4 DL:816KiB ETA:45h20m31s]
[#50d851 150MiB/127GiB(0%) CN:4 DL:811KiB ETA:45h37m39s]
[#50d851 151MiB/127GiB(0%) CN:4 DL:827KiB ETA:44h46m54s]
[#50d851 151MiB/127GiB(0%) CN:4 DL:833KiB ETA:44h25m6s]
[#50d851 152MiB/127GiB(0%) CN:4 DL:839KiB ETA:44h8m27s]
[#50d851 153MiB/127GiB(0%) CN:4 DL:862KiB ETA:42h55m45s]
[#50d851 154MiB/127GiB(0%) CN:4 DL:894KiB ETA:41h24m53s]
[#50d851 155MiB/127GiB(0%) CN:4 DL:912KiB ETA:40h34m39s]
[#50d851 156MiB/127GiB(0%) CN:4 DL:0.9MiB ETA:38h11m34s]
[#50d851 158MiB/127GiB(0%) CN:4 DL:0.9MiB ETA:36h51m46s]
[#50d851 159MiB/127GiB(0%) CN:4 DL:0.9MiB ETA:36h45m56s]
[#50d851 160MiB/127GiB(0%) CN:4 DL:1.0MiB ETA:35h4m39s]
[#50d851 161MiB/127GiB(0%) CN:4 DL:1.0MiB ETA:35h20m39s]
[#50d851 162MiB/127GiB(0%) CN:4 DL:1.0MiB ETA:34h42m44s]
[#50d851 163MiB/127GiB(0%) CN:4 DL:1.0MiB ETA:34h31m16s]
[#50d851 164MiB/127GiB(0%) CN:4 DL:1.0MiB ETA:34h14m5s]
[#50d851 165MiB/127GiB(0%) CN:4 DL:1.0MiB ETA:34h40m7s]
[#50d851 166MiB/127GiB(0%) CN:4 DL:1.0MiB ETA:34h53m24s]
[#50d851 166MiB/127GiB(0%) CN:4 DL:0.9MiB ETA:36h35m21s]
[#50d851 167MiB/127GiB(0%) CN:4 DL:0.9MiB ETA:36h46m5s]
[#50d851 168MiB/127GiB(0%) CN:4 DL:0.9MiB ETA:37h26m25s]
[#50d851 169MiB/127GiB(0%) CN:4 DL:0.9MiB ETA:37h46m57s]
[#50d851 170MiB/127GiB(0%) CN:4 DL:0.9MiB ETA:37h3s]
[#50d851 171MiB/127GiB(0%) CN:4 DL:0.9MiB ETA:38h34m32s]
[#50d851 172MiB/127GiB(0%) CN:4 DL:0.9MiB ETA:37h37m41s]
[#50d851 173MiB/127GiB(0%) CN:4 DL:0.9MiB ETA:38h39m7s]
[#50d851 174MiB/127GiB(0%) CN:4 DL:0.9MiB ETA:38h11m15s]
[#50d851 175MiB/127GiB(0%) CN:4 DL:0.9MiB ETA:39h19m57s]
[#50d851 176MiB/127GiB(0%) CN:4 DL:0.9MiB ETA:38h52m56s]
[#50d851 177MiB/127GiB(0%) CN:4 DL:0.9MiB ETA:39h27m41s]
[#50d851 177MiB/127GiB(0%) CN:4 DL:917KiB ETA:40h21m14s]
[#50d851 178MiB/127GiB(0%) CN:4 DL:886KiB ETA:41h45m40s]
[#50d851 179MiB/127GiB(0%) CN:4 DL:866KiB ETA:42h43m37s]
[#50d851 180MiB/127GiB(0%) CN:4 DL:848KiB ETA:43h39m24s]
[#50d851 180MiB/127GiB(0%) CN:4 DL:836KiB ETA:44h14m27s]
[#50d851 181MiB/127GiB(0%) CN:4 DL:839KiB ETA:44h6m28s]
[#50d851 182MiB/127GiB(0%) CN:4 DL:868KiB ETA:42h37m48s]
[#50d851 183MiB/127GiB(0%) CN:4 DL:848KiB ETA:43h37m18s]
[#50d851 184MiB/127GiB(0%) CN:4 DL:896KiB ETA:41h17m25s]
[#50d851 185MiB/127GiB(0%) CN:4 DL:920KiB ETA:40h14m31s]
[#50d851 186MiB/127GiB(0%) CN:4 DL:0.9MiB ETA:39h15m46s]
[#50d851 187MiB/127GiB(0%) CN:4 DL:0.9MiB ETA:38h44m49s]
[#50d851 188MiB/127GiB(0%) CN:4 DL:0.9MiB ETA:38h41m24s]
[#50d851 189MiB/127GiB(0%) CN:4 DL:0.9MiB ETA:38h40m14s]
 *** Download Progress Summary as of Sat Jan 17 23:52:55 2026 *** 
===============================================================================
[#50d851 190MiB/127GiB(0%) CN:4 DL:0.9MiB ETA:39h38m53s]
FILE: /scratch/iglesiay/databases/GTDB/gtdb_genomes_reps.tar.gz
-------------------------------------------------------------------------------

[#50d851 190MiB/127GiB(0%) CN:4 DL:0.9MiB ETA:39h38m53s]
[#50d851 190MiB/127GiB(0%) CN:4 DL:0.9MiB ETA:38h48m35s]
[#50d851 191MiB/127GiB(0%) CN:4 DL:882KiB ETA:41h58m43s]
[#50d851 192MiB/127GiB(0%) CN:4 DL:857KiB ETA:43h12m9s]
[#50d851 193MiB/127GiB(0%) CN:4 DL:831KiB ETA:44h31m37s]
[#50d851 193MiB/127GiB(0%) CN:4 DL:802KiB ETA:46h8m19s]
[#50d851 194MiB/127GiB(0%) CN:4 DL:792KiB ETA:46h41m56s]
[#50d851 195MiB/127GiB(0%) CN:4 DL:794KiB ETA:46h37m44s]
[#50d851 196MiB/127GiB(0%) CN:4 DL:797KiB ETA:46h26m21s]
[#50d851 197MiB/127GiB(0%) CN:4 DL:791KiB ETA:46h45m32s]
[#50d851 197MiB/127GiB(0%) CN:4 DL:802KiB ETA:46h7m56s]
[#50d851 198MiB/127GiB(0%) CN:4 DL:818KiB ETA:45h13m43s]
[#50d851 199MiB/127GiB(0%) CN:4 DL:831KiB ETA:44h32m24s]
[#50d851 200MiB/127GiB(0%) CN:4 DL:806KiB ETA:45h54m49s]
[#50d851 200MiB/127GiB(0%) CN:4 DL:775KiB ETA:47h44m38s]
[#50d851 201MiB/127GiB(0%) CN:4 DL:777KiB ETA:47h35m57s]
[#50d851 202MiB/127GiB(0%) CN:4 DL:758KiB ETA:48h48m34s]
[#50d851 202MiB/127GiB(0%) CN:4 DL:746KiB ETA:49h35m9s]
[#50d851 203MiB/127GiB(0%) CN:4 DL:733KiB ETA:50h27m1s]
[#50d851 204MiB/127GiB(0%) CN:4 DL:727KiB ETA:50h54m38s]
[#50d851 205MiB/127GiB(0%) CN:4 DL:718KiB ETA:51h31m46s]
[#50d851 205MiB/127GiB(0%) CN:4 DL:690KiB ETA:53h37m13s]
[#50d851 206MiB/127GiB(0%) CN:4 DL:732KiB ETA:50h34m31s]
[#50d851 207MiB/127GiB(0%) CN:4 DL:691KiB ETA:53h30m54s]
[#50d851 207MiB/127GiB(0%) CN:4 DL:680KiB ETA:54h23m21s]
[#50d851 208MiB/127GiB(0%) CN:4 DL:677KiB ETA:54h40m10s]
[#50d851 208MiB/127GiB(0%) CN:4 DL:655KiB ETA:56h28m39s]
[#50d851 209MiB/127GiB(0%) CN:4 DL:647KiB ETA:57h12m5s]
[#50d851 209MiB/127GiB(0%) CN:4 DL:625KiB ETA:59h11m25s]
[#50d851 210MiB/127GiB(0%) CN:4 DL:591KiB ETA:62h36m51s]
[#50d851 210MiB/127GiB(0%) CN:4 DL:597KiB ETA:61h57m32s]
[#50d851 211MiB/127GiB(0%) CN:4 DL:550KiB ETA:67h11m38s]
[#50d851 211MiB/127GiB(0%) CN:4 DL:546KiB ETA:67h46m17s]
[#50d851 212MiB/127GiB(0%) CN:4 DL:539KiB ETA:68h34m24s]
[#50d851 213MiB/127GiB(0%) CN:4 DL:541KiB ETA:68h21m57s]
[#50d851 213MiB/127GiB(0%) CN:4 DL:546KiB ETA:67h46m21s]
[#50d851 213MiB/127GiB(0%) CN:4 DL:531KiB ETA:69h42m32s]
[#50d851 214MiB/127GiB(0%) CN:4 DL:533KiB ETA:69h22m22s]
[#50d851 214MiB/127GiB(0%) CN:4 DL:528KiB ETA:70h3m58s]
[#50d851 215MiB/127GiB(0%) CN:4 DL:515KiB ETA:71h52m27s]
[#50d851 215MiB/127GiB(0%) CN:4 DL:519KiB ETA:71h12m]
[#50d851 216MiB/127GiB(0%) CN:4 DL:528KiB ETA:70h4m51s]
[#50d851 217MiB/127GiB(0%) CN:4 DL:541KiB ETA:68h20m21s]
[#50d851 217MiB/127GiB(0%) CN:4 DL:536KiB ETA:68h56m9s]
[#50d851 218MiB/127GiB(0%) CN:4 DL:583KiB ETA:63h23m46s]
[#50d851 218MiB/127GiB(0%) CN:4 DL:563KiB ETA:65h43m48s]
[#50d851 219MiB/127GiB(0%) CN:4 DL:613KiB ETA:60h18m5s]
[#50d851 220MiB/127GiB(0%) CN:4 DL:641KiB ETA:57h44m49s]
[#50d851 221MiB/127GiB(0%) CN:4 DL:653KiB ETA:56h40m57s]
[#50d851 222MiB/127GiB(0%) CN:4 DL:692KiB ETA:53h26m35s]
[#50d851 222MiB/127GiB(0%) CN:4 DL:717KiB ETA:51h35m22s]
[#50d851 223MiB/127GiB(0%) CN:4 DL:738KiB ETA:50h7m23s]
[#50d851 224MiB/127GiB(0%) CN:4 DL:756KiB ETA:48h55m50s]
[#50d851 225MiB/127GiB(0%) CN:4 DL:762KiB ETA:48h31m11s]
[#50d851 225MiB/127GiB(0%) CN:4 DL:757KiB ETA:48h50m9s]
[#50d851 226MiB/127GiB(0%) CN:4 DL:771KiB ETA:47h57m17s]
[#50d851 226MiB/127GiB(0%) CN:4 DL:676KiB ETA:54h42m5s]
[#50d851 227MiB/127GiB(0%) CN:4 DL:684KiB ETA:54h3m11s]
[#50d851 227MiB/127GiB(0%) CN:4 DL:656KiB ETA:56h25m12s]
[#50d851 228MiB/127GiB(0%) CN:4 DL:604KiB ETA:61h11m2s]
 *** Download Progress Summary as of Sat Jan 17 23:53:56 2026 *** 
===============================================================================
[#50d851 228MiB/127GiB(0%) CN:4 DL:567KiB ETA:65h16m47s]
FILE: /scratch/iglesiay/databases/GTDB/gtdb_genomes_reps.tar.gz
-------------------------------------------------------------------------------

[#50d851 228MiB/127GiB(0%) CN:4 DL:567KiB ETA:65h16m47s]
[#50d851 228MiB/127GiB(0%) CN:4 DL:527KiB ETA:70h8m55s]
[#50d851 229MiB/127GiB(0%) CN:4 DL:495KiB ETA:74h40m25s]
[#50d851 230MiB/127GiB(0%) CN:4 DL:490KiB ETA:75h23m25s]
[#50d851 230MiB/127GiB(0%) CN:4 DL:494KiB ETA:74h49m30s]
[#50d851 231MiB/127GiB(0%) CN:4 DL:459KiB ETA:80h33m52s]
[#50d851 231MiB/127GiB(0%) CN:4 DL:518KiB ETA:71h23m19s]
[#50d851 232MiB/127GiB(0%) CN:4 DL:529KiB ETA:69h56m26s]
[#50d851 233MiB/127GiB(0%) CN:4 DL:555KiB ETA:66h36m21s]
[#50d851 233MiB/127GiB(0%) CN:4 DL:572KiB ETA:64h40m30s]
[#50d851 234MiB/127GiB(0%) CN:4 DL:587KiB ETA:62h59m8s]
[#50d851 235MiB/127GiB(0%) CN:4 DL:622KiB ETA:59h29m11s]
[#50d851 235MiB/127GiB(0%) CN:4 DL:617KiB ETA:59h58m33s]
[#50d851 236MiB/127GiB(0%) CN:4 DL:648KiB ETA:57h5m5s]
[#50d851 237MiB/127GiB(0%) CN:4 DL:660KiB ETA:56h]
[#50d851 237MiB/127GiB(0%) CN:4 DL:666KiB ETA:55h31m7s]
[#50d851 238MiB/127GiB(0%) CN:4 DL:653KiB ETA:56h36m19s]
[#50d851 238MiB/127GiB(0%) CN:4 DL:651KiB ETA:56h48m33s]
[#50d851 239MiB/127GiB(0%) CN:4 DL:648KiB ETA:57h4m26s]
[#50d851 240MiB/127GiB(0%) CN:4 DL:655KiB ETA:56h25m36s]
[#50d851 240MiB/127GiB(0%) CN:4 DL:654KiB ETA:56h35m11s]
[#50d851 241MiB/127GiB(0%) CN:4 DL:641KiB ETA:57h41m14s]
[#50d851 242MiB/127GiB(0%) CN:4 DL:644KiB ETA:57h24m29s]
[#50d851 242MiB/127GiB(0%) CN:4 DL:628KiB ETA:58h51m41s]
[#50d851 243MiB/127GiB(0%) CN:4 DL:636KiB ETA:58h8m58s]
[#50d851 244MiB/127GiB(0%) CN:4 DL:679KiB ETA:54h25m49s]
[#50d851 245MiB/127GiB(0%) CN:4 DL:717KiB ETA:51h36m42s]
[#50d851 245MiB/127GiB(0%) CN:4 DL:729KiB ETA:50h45m42s]
[#50d851 246MiB/127GiB(0%) CN:4 DL:761KiB ETA:48h35m45s]
[#50d851 247MiB/127GiB(0%) CN:4 DL:799KiB ETA:46h18m3s]
[#50d851 248MiB/127GiB(0%) CN:4 DL:824KiB ETA:44h54m1s]
[#50d851 249MiB/127GiB(0%) CN:4 DL:831KiB ETA:44h29m26s]
[#50d851 250MiB/127GiB(0%) CN:4 DL:846KiB ETA:43h42m19s]
[#50d851 251MiB/127GiB(0%) CN:4 DL:859KiB ETA:43h3m12s]
[#50d851 251MiB/127GiB(0%) CN:4 DL:855KiB ETA:43h14m19s]
[#50d851 251MiB/127GiB(0%) CN:4 DL:796KiB ETA:46h28m15s]
[#50d851 252MiB/127GiB(0%) CN:4 DL:785KiB ETA:47h7m44s]
[#50d851 253MiB/127GiB(0%) CN:4 DL:752KiB ETA:49h12m20s]
[#50d851 254MiB/127GiB(0%) CN:4 DL:724KiB ETA:51h3m30s]
[#50d851 254MiB/127GiB(0%) CN:4 DL:692KiB ETA:53h26m28s]
[#50d851 255MiB/127GiB(0%) CN:4 DL:672KiB ETA:54h59m59s]
[#50d851 255MiB/127GiB(0%) CN:4 DL:658KiB ETA:56h13m49s]
[#50d851 256MiB/127GiB(0%) CN:4 DL:652KiB ETA:56h43m6s]
[#50d851 257MiB/127GiB(0%) CN:4 DL:644KiB ETA:57h23m50s]
[#50d851 257MiB/127GiB(0%) CN:4 DL:617KiB ETA:59h57m41s]
[#50d851 258MiB/127GiB(0%) CN:4 DL:646KiB ETA:57h15m44s]
[#50d851 259MiB/127GiB(0%) CN:4 DL:668KiB ETA:55h19m29s]
[#50d851 260MiB/127GiB(0%) CN:4 DL:697KiB ETA:53h1m9s]
[#50d851 260MiB/127GiB(0%) CN:4 DL:679KiB ETA:54h26m5s]
[#50d851 261MiB/127GiB(0%) CN:4 DL:720KiB ETA:51h23m18s]
[#50d851 262MiB/127GiB(0%) CN:4 DL:734KiB ETA:50h23m29s]
[#50d851 263MiB/127GiB(0%) CN:4 DL:751KiB ETA:49h14m39s]
[#50d851 263MiB/127GiB(0%) CN:4 DL:737KiB ETA:50h11m36s]
[#50d851 264MiB/127GiB(0%) CN:4 DL:784KiB ETA:47h10m45s]
[#50d851 265MiB/127GiB(0%) CN:4 DL:764KiB ETA:48h22m48s]
[#50d851 266MiB/127GiB(0%) CN:4 DL:789KiB ETA:46h52m41s]
[#50d851 267MiB/127GiB(0%) CN:4 DL:804KiB ETA:45h59m51s]
[#50d851 268MiB/127GiB(0%) CN:4 DL:825KiB ETA:44h48m16s]
[#50d851 269MiB/127GiB(0%) CN:4 DL:855KiB ETA:43h15m17s]
[#50d851 270MiB/127GiB(0%) CN:4 DL:884KiB ETA:41h49m26s]
 *** Download Progress Summary as of Sat Jan 17 23:54:56 2026 *** 
===============================================================================
[#50d851 271MiB/127GiB(0%) CN:4 DL:899KiB ETA:41h8m35s]
FILE: /scratch/iglesiay/databases/GTDB/gtdb_genomes_reps.tar.gz
-------------------------------------------------------------------------------

[#50d851 271MiB/127GiB(0%) CN:4 DL:899KiB ETA:41h8m35s]
[#50d851 271MiB/127GiB(0%) CN:4 DL:909KiB ETA:40h41m40s]
[#50d851 272MiB/127GiB(0%) CN:4 DL:0.9MiB ETA:39h55m38s]
[#50d851 273MiB/127GiB(0%) CN:4 DL:0.9MiB ETA:38h33m17s]
[#50d851 274MiB/127GiB(0%) CN:4 DL:0.9MiB ETA:38h7m10s]
[#50d851 275MiB/127GiB(0%) CN:4 DL:0.9MiB ETA:37h16m34s]
[#50d851 277MiB/127GiB(0%) CN:4 DL:0.9MiB ETA:36h22m42s]
[#50d851 278MiB/127GiB(0%) CN:4 DL:1.0MiB ETA:35h35m9s]
[#50d851 279MiB/127GiB(0%) CN:4 DL:1.0MiB ETA:34h51m21s]
[#50d851 280MiB/127GiB(0%) CN:4 DL:1.0MiB ETA:33h37m30s]
[#50d851 281MiB/127GiB(0%) CN:4 DL:1.0MiB ETA:33h21m13s]
[#50d851 282MiB/127GiB(0%) CN:4 DL:1.1MiB ETA:32h42m7s]
[#50d851 283MiB/127GiB(0%) CN:4 DL:1.0MiB ETA:32h55m52s]
[#50d851 284MiB/127GiB(0%) CN:4 DL:1.1MiB ETA:32h27m17s]
[#50d851 286MiB/127GiB(0%) CN:4 DL:1.1MiB ETA:32h10m57s]
[#50d851 286MiB/127GiB(0%) CN:4 DL:1.0MiB ETA:34h18m51s]
[#50d851 287MiB/127GiB(0%) CN:4 DL:1.0MiB ETA:33h28m26s]
[#50d851 288MiB/127GiB(0%) CN:4 DL:1.0MiB ETA:35h2m11s]
[#50d851 289MiB/127GiB(0%) CN:4 DL:0.9MiB ETA:36h46m48s]
[#50d851 290MiB/127GiB(0%) CN:4 DL:0.9MiB ETA:37h59m2s]
[#50d851 291MiB/127GiB(0%) CN:4 DL:0.9MiB ETA:39h3m11s]
[#50d851 292MiB/127GiB(0%) CN:4 DL:0.9MiB ETA:39h44m46s]
[#50d851 292MiB/127GiB(0%) CN:4 DL:913KiB ETA:40h28m58s]
[#50d851 293MiB/127GiB(0%) CN:4 DL:897KiB ETA:41h12m27s]
[#50d851 294MiB/127GiB(0%) CN:4 DL:890KiB ETA:41h34m1s]
[#50d851 295MiB/127GiB(0%) CN:4 DL:889KiB ETA:41h36m25s]
[#50d851 296MiB/127GiB(0%) CN:4 DL:882KiB ETA:41h54m5s]
[#50d851 297MiB/127GiB(0%) CN:4 DL:881KiB ETA:41h58m11s]
[#50d851 298MiB/127GiB(0%) CN:4 DL:871KiB ETA:42h27m6s]
[#50d851 298MiB/127GiB(0%) CN:4 DL:872KiB ETA:42h25m26s]
[#50d851 299MiB/127GiB(0%) CN:4 DL:871KiB ETA:42h26m54s]
[#50d851 300MiB/127GiB(0%) CN:4 DL:869KiB ETA:42h34m1s]
[#50d851 300MiB/127GiB(0%) CN:4 DL:787KiB ETA:46h59m37s]
[#50d851 301MiB/127GiB(0%) CN:4 DL:832KiB ETA:44h27m16s]
[#50d851 302MiB/127GiB(0%) CN:4 DL:767KiB ETA:48h13m6s]
[#50d851 303MiB/127GiB(0%) CN:4 DL:744KiB ETA:49h40m39s]
[#50d851 303MiB/127GiB(0%) CN:4 DL:721KiB ETA:51h18m10s]
[#50d851 304MiB/127GiB(0%) CN:4 DL:697KiB ETA:53h4m21s]
[#50d851 304MiB/127GiB(0%) CN:4 DL:659KiB ETA:56h5m57s]
[#50d851 305MiB/127GiB(0%) CN:4 DL:653KiB ETA:56h37m49s]
[#50d851 306MiB/127GiB(0%) CN:4 DL:623KiB ETA:59h18m37s]
[#50d851 306MiB/127GiB(0%) CN:4 DL:664KiB ETA:55h39m40s]
[#50d851 307MiB/127GiB(0%) CN:4 DL:622KiB ETA:59h27m6s]
[#50d851 307MiB/127GiB(0%) CN:4 DL:618KiB ETA:59h48m9s]
[#50d851 308MiB/127GiB(0%) CN:4 DL:611KiB ETA:60h30m25s]
[#50d851 309MiB/127GiB(0%) CN:4 DL:630KiB ETA:58h42m57s]
[#50d851 309MiB/127GiB(0%) CN:4 DL:630KiB ETA:58h39m17s]
[#50d851 310MiB/127GiB(0%) CN:4 DL:669KiB ETA:55h13m53s]
[#50d851 311MiB/127GiB(0%) CN:4 DL:667KiB ETA:55h25m56s]
[#50d851 312MiB/127GiB(0%) CN:4 DL:712KiB ETA:51h54m35s]
[#50d851 313MiB/127GiB(0%) CN:4 DL:737KiB ETA:50h10m19s]
[#50d851 314MiB/127GiB(0%) CN:4 DL:764KiB ETA:48h22m43s]
[#50d851 314MiB/127GiB(0%) CN:4 DL:801KiB ETA:46h9m58s]
[#50d851 315MiB/127GiB(0%) CN:4 DL:811KiB ETA:45h35m16s]
[#50d851 316MiB/127GiB(0%) CN:4 DL:807KiB ETA:45h48m17s]
[#50d851 317MiB/127GiB(0%) CN:4 DL:832KiB ETA:44h26m3s]
[#50d851 317MiB/127GiB(0%) CN:4 DL:818KiB ETA:45h12m53s]
[#50d851 318MiB/127GiB(0%) CN:4 DL:802KiB ETA:46h4m15s]
[#50d851 319MiB/127GiB(0%) CN:4 DL:793KiB ETA:46h35m35s]
[#50d851 319MiB/127GiB(0%) CN:4 DL:766KiB ETA:48h15m7s]
 *** Download Progress Summary as of Sat Jan 17 23:55:56 2026 *** 
===============================================================================
[#50d851 320MiB/127GiB(0%) CN:4 DL:750KiB ETA:49h16m8s]
FILE: /scratch/iglesiay/databases/GTDB/gtdb_genomes_reps.tar.gz
-------------------------------------------------------------------------------

[#50d851 320MiB/127GiB(0%) CN:4 DL:750KiB ETA:49h16m8s]
[#50d851 321MiB/127GiB(0%) CN:4 DL:746KiB ETA:49h32m36s]
[#50d851 322MiB/127GiB(0%) CN:4 DL:734KiB ETA:50h20m23s]
[#50d851 322MiB/127GiB(0%) CN:4 DL:709KiB ETA:52h6m25s]
[#50d851 323MiB/127GiB(0%) CN:4 DL:730KiB ETA:50h39m14s]
[#50d851 324MiB/127GiB(0%) CN:4 DL:724KiB ETA:51h5m7s]
[#50d851 325MiB/127GiB(0%) CN:4 DL:728KiB ETA:50h45m2s]
[#50d851 325MiB/127GiB(0%) CN:4 DL:730KiB ETA:50h38m55s]
[#50d851 326MiB/127GiB(0%) CN:4 DL:736KiB ETA:50h12m13s]
[#50d851 327MiB/127GiB(0%) CN:4 DL:734KiB ETA:50h22m6s]
[#50d851 328MiB/127GiB(0%) CN:4 DL:758KiB ETA:48h47m32s]
[#50d851 328MiB/127GiB(0%) CN:4 DL:725KiB ETA:51h18s]
[#50d851 329MiB/127GiB(0%) CN:4 DL:743KiB ETA:49h44m52s]
[#50d851 330MiB/127GiB(0%) CN:4 DL:741KiB ETA:49h52m49s]
[#50d851 331MiB/127GiB(0%) CN:4 DL:817KiB ETA:45h15m6s]
[#50d851 332MiB/127GiB(0%) CN:4 DL:790KiB ETA:46h47m35s]
[#50d851 332MiB/127GiB(0%) CN:4 DL:803KiB ETA:46h1m2s]
[#50d851 333MiB/127GiB(0%) CN:4 DL:817KiB ETA:45h15m49s]
[#50d851 334MiB/127GiB(0%) CN:4 DL:829KiB ETA:44h36m24s]
[#50d851 335MiB/127GiB(0%) CN:4 DL:835KiB ETA:44h15m53s]
[#50d851 336MiB/127GiB(0%) CN:4 DL:836KiB ETA:44h13m8s]
[#50d851 337MiB/127GiB(0%) CN:4 DL:857KiB ETA:43h7m16s]
[#50d851 337MiB/127GiB(0%) CN:4 DL:846KiB ETA:43h40m51s]
[#50d851 338MiB/127GiB(0%) CN:4 DL:886KiB ETA:41h42m24s]
[#50d851 339MiB/127GiB(0%) CN:4 DL:895KiB ETA:41h16m58s]
[#50d851 341MiB/127GiB(0%) CN:4 DL:0.9MiB ETA:39h58m18s]
[#50d851 342MiB/127GiB(0%) CN:4 DL:0.9MiB ETA:39h12m14s]
[#50d851 342MiB/127GiB(0%) CN:4 DL:0.9MiB ETA:38h38m21s]
[#50d851 343MiB/127GiB(0%) CN:4 DL:0.9MiB ETA:38h15m15s]
[#50d851 344MiB/127GiB(0%) CN:4 DL:0.9MiB ETA:39h33m47s]
[#50d851 345MiB/127GiB(0%) CN:4 DL:0.9MiB ETA:38h29m6s]
[#50d851 346MiB/127GiB(0%) CN:4 DL:0.9MiB ETA:39h11m24s]
[#50d851 347MiB/127GiB(0%) CN:4 DL:0.9MiB ETA:37h31m25s]
[#50d851 347MiB/127GiB(0%) CN:4 DL:0.9MiB ETA:39h59m50s]
[#50d851 348MiB/127GiB(0%) CN:4 DL:895KiB ETA:41h17m13s]
[#50d851 349MiB/127GiB(0%) CN:4 DL:866KiB ETA:42h41m5s]
[#50d851 350MiB/127GiB(0%) CN:4 DL:826KiB ETA:44h45m42s]
[#50d851 350MiB/127GiB(0%) CN:4 DL:810KiB ETA:45h39m13s]
[#50d851 351MiB/127GiB(0%) CN:4 DL:787KiB ETA:46h59m14s]
[#50d851 352MiB/127GiB(0%) CN:4 DL:774KiB ETA:47h45m38s]
[#50d851 352MiB/127GiB(0%) CN:4 DL:755KiB ETA:48h55m3s]
[#50d851 353MiB/127GiB(0%) CN:4 DL:738KiB ETA:50h5m55s]
[#50d851 354MiB/127GiB(0%) CN:4 DL:728KiB ETA:50h44m3s]
[#50d851 355MiB/127GiB(0%) CN:4 DL:713KiB ETA:51h51m34s]
[#50d851 355MiB/127GiB(0%) CN:4 DL:724KiB ETA:51h2m24s]
[#50d851 356MiB/127GiB(0%) CN:4 DL:703KiB ETA:52h34m55s]
[#50d851 356MiB/127GiB(0%) CN:4 DL:680KiB ETA:54h22m10s]
[#50d851 357MiB/127GiB(0%) CN:4 DL:666KiB ETA:55h28m4s]
[#50d851 358MiB/127GiB(0%) CN:4 DL:665KiB ETA:55h35m47s]
[#50d851 358MiB/127GiB(0%) CN:4 DL:640KiB ETA:57h44m52s]
[#50d851 359MiB/127GiB(0%) CN:4 DL:647KiB ETA:57h9m2s]
[#50d851 360MiB/127GiB(0%) CN:4 DL:646KiB ETA:57h14m21s]
[#50d851 360MiB/127GiB(0%) CN:4 DL:668KiB ETA:55h18m50s]
[#50d851 362MiB/127GiB(0%) CN:4 DL:736KiB ETA:50h10m27s]
[#50d851 363MiB/127GiB(0%) CN:4 DL:832KiB ETA:44h25m5s]
[#50d851 364MiB/127GiB(0%) CN:4 DL:807KiB ETA:45h48m52s]
[#50d851 365MiB/127GiB(0%) CN:4 DL:914KiB ETA:40h25m9s]
[#50d851 367MiB/127GiB(0%) CN:4 DL:0.9MiB ETA:36h57m22s]
[#50d851 367MiB/127GiB(0%) CN:4 DL:0.9MiB ETA:36h11m14s]
[#50d851 368MiB/127GiB(0%) CN:4 DL:1.0MiB ETA:35h19m47s]
 *** Download Progress Summary as of Sat Jan 17 23:56:56 2026 *** 
===============================================================================
[#50d851 369MiB/127GiB(0%) CN:4 DL:1.0MiB ETA:35h7m5s]
FILE: /scratch/iglesiay/databases/GTDB/gtdb_genomes_reps.tar.gz
-------------------------------------------------------------------------------

[#50d851 369MiB/127GiB(0%) CN:4 DL:1.0MiB ETA:35h7m5s]
[#50d851 370MiB/127GiB(0%) CN:4 DL:1.0MiB ETA:35h40m39s]
[#50d851 370MiB/127GiB(0%) CN:4 DL:0.9MiB ETA:37h6m44s]
[#50d851 371MiB/127GiB(0%) CN:4 DL:862KiB ETA:42h53m]
[#50d851 371MiB/127GiB(0%) CN:4 DL:858KiB ETA:43h3m]
[#50d851 372MiB/127GiB(0%) CN:4 DL:747KiB ETA:49h29m42s]
[#50d851 372MiB/127GiB(0%) CN:4 DL:697KiB ETA:53h35s]
[#50d851 373MiB/127GiB(0%) CN:4 DL:655KiB ETA:56h22m45s]
[#50d851 374MiB/127GiB(0%) CN:4 DL:622KiB ETA:59h24m1s]
[#50d851 374MiB/127GiB(0%) CN:4 DL:610KiB ETA:60h32m21s]
[#50d851 375MiB/127GiB(0%) CN:4 DL:593KiB ETA:62h18m]
[#50d851 375MiB/127GiB(0%) CN:4 DL:565KiB ETA:65h26m2s]
[#50d851 376MiB/127GiB(0%) CN:4 DL:576KiB ETA:64h7m50s]
[#50d851 376MiB/127GiB(0%) CN:4 DL:549KiB ETA:67h20m26s]
[#50d851 377MiB/127GiB(0%) CN:4 DL:536KiB ETA:68h53m22s]
[#50d851 377MiB/127GiB(0%) CN:4 DL:530KiB ETA:69h41m14s]
[#50d851 378MiB/127GiB(0%) CN:4 DL:533KiB ETA:69h21m16s]
[#50d851 378MiB/127GiB(0%) CN:4 DL:532KiB ETA:69h23m34s]
[#50d851 379MiB/127GiB(0%) CN:4 DL:536KiB ETA:68h54m28s]
[#50d851 380MiB/127GiB(0%) CN:4 DL:556KiB ETA:66h23m50s]
[#50d851 380MiB/127GiB(0%) CN:4 DL:596KiB ETA:62h9s]
[#50d851 381MiB/127GiB(0%) CN:4 DL:622KiB ETA:59h21m37s]
[#50d851 382MiB/127GiB(0%) CN:4 DL:668KiB ETA:55h19m25s]
[#50d851 383MiB/127GiB(0%) CN:4 DL:710KiB ETA:52h3m12s]
[#50d851 384MiB/127GiB(0%) CN:4 DL:737KiB ETA:50h7m50s]
[#50d851 384MiB/127GiB(0%) CN:4 DL:759KiB ETA:48h40m25s]
[#50d851 385MiB/127GiB(0%) CN:4 DL:770KiB ETA:48h43s]
[#50d851 385MiB/127GiB(0%) CN:4 DL:718KiB ETA:51h25m28s]
[#50d851 386MiB/127GiB(0%) CN:4 DL:688KiB ETA:53h42m7s]
[#50d851 386MiB/127GiB(0%) CN:4 DL:644KiB ETA:57h23m35s]
[#50d851 387MiB/127GiB(0%) CN:4 DL:566KiB ETA:65h18m25s]
[#50d851 387MiB/127GiB(0%) CN:4 DL:505KiB ETA:73h7m48s]
[#50d851 387MiB/127GiB(0%) CN:4 DL:455KiB ETA:81h10m17s]
[#50d851 388MiB/127GiB(0%) CN:4 DL:418KiB ETA:88h16m58s]
[#50d851 388MiB/127GiB(0%) CN:4 DL:374KiB ETA:98h46m4s]
[#50d851 388MiB/127GiB(0%) CN:4 DL:345KiB ETA:107h2m19s]
[#50d851 388MiB/127GiB(0%) CN:4 DL:330KiB ETA:111h55m44s]
[#50d851 389MiB/127GiB(0%) CN:4 DL:313KiB ETA:117h55m5s]
[#50d851 389MiB/127GiB(0%) CN:4 DL:294KiB ETA:125h34m27s]
[#50d851 389MiB/127GiB(0%) CN:4 DL:291KiB ETA:126h59m54s]
[#50d851 390MiB/127GiB(0%) CN:4 DL:287KiB ETA:128h24m52s]
[#50d851 390MiB/127GiB(0%) CN:4 DL:288KiB ETA:128h12m5s]
[#50d851 390MiB/127GiB(0%) CN:4 DL:303KiB ETA:121h53m33s]
[#50d851 390MiB/127GiB(0%) CN:4 DL:300KiB ETA:123h11m4s]
[#50d851 391MiB/127GiB(0%) CN:4 DL:303KiB ETA:121h51m5s]
[#50d851 391MiB/127GiB(0%) CN:4 DL:323KiB ETA:114h20m2s]
[#50d851 392MiB/127GiB(0%) CN:4 DL:323KiB ETA:114h18m9s]
[#50d851 392MiB/127GiB(0%) CN:4 DL:355KiB ETA:104h7m27s]
[#50d851 392MiB/127GiB(0%) CN:4 DL:351KiB ETA:105h15m13s]
[#50d851 393MiB/127GiB(0%) CN:4 DL:405KiB ETA:91h4m25s]
[#50d851 394MiB/127GiB(0%) CN:4 DL:429KiB ETA:86h2m9s]
[#50d851 394MiB/127GiB(0%) CN:4 DL:463KiB ETA:79h41m10s]
[#50d851 395MiB/127GiB(0%) CN:4 DL:500KiB ETA:73h47m27s]
[#50d851 396MiB/127GiB(0%) CN:4 DL:532KiB ETA:69h23m49s]
[#50d851 396MiB/127GiB(0%) CN:4 DL:556KiB ETA:66h23m1s]
[#50d851 397MiB/127GiB(0%) CN:4 DL:585KiB ETA:63h8m34s]
[#50d851 397MiB/127GiB(0%) CN:4 DL:584KiB ETA:63h15m]
[#50d851 398MiB/127GiB(0%) CN:4 DL:657KiB ETA:56h11m35s]
[#50d851 399MiB/127GiB(0%) CN:4 DL:630KiB ETA:58h38m52s]
 *** Download Progress Summary as of Sat Jan 17 23:57:56 2026 *** 
===============================================================================
[#50d851 400MiB/127GiB(0%) CN:4 DL:646KiB ETA:57h12m13s]
FILE: /scratch/iglesiay/databases/GTDB/gtdb_genomes_reps.tar.gz
-------------------------------------------------------------------------------

[#50d851 400MiB/127GiB(0%) CN:4 DL:646KiB ETA:57h12m13s]
[#50d851 400MiB/127GiB(0%) CN:4 DL:646KiB ETA:57h10m14s]
[#50d851 401MiB/127GiB(0%) CN:4 DL:662KiB ETA:55h47m1s]
[#50d851 402MiB/127GiB(0%) CN:4 DL:671KiB ETA:55h3m26s]
[#50d851 402MiB/127GiB(0%) CN:4 DL:682KiB ETA:54h9m55s]
[#50d851 403MiB/127GiB(0%) CN:4 DL:681KiB ETA:54h16m25s]
[#50d851 404MiB/127GiB(0%) CN:4 DL:692KiB ETA:53h24m5s]
[#50d851 404MiB/127GiB(0%) CN:4 DL:695KiB ETA:53h6m57s]
[#50d851 405MiB/127GiB(0%) CN:4 DL:685KiB ETA:53h53m52s]
[#50d851 406MiB/127GiB(0%) CN:4 DL:697KiB ETA:52h59m52s]
[#50d851 407MiB/127GiB(0%) CN:4 DL:709KiB ETA:52h4m3s]
[#50d851 407MiB/127GiB(0%) CN:4 DL:744KiB ETA:49h39m47s]
[#50d851 408MiB/127GiB(0%) CN:4 DL:726KiB ETA:50h53m13s]
[#50d851 409MiB/127GiB(0%) CN:4 DL:734KiB ETA:50h18m44s]
[#50d851 410MiB/127GiB(0%) CN:4 DL:744KiB ETA:49h38m50s]
[#50d851 410MiB/127GiB(0%) CN:4 DL:741KiB ETA:49h52m28s]
[#50d851 411MiB/127GiB(0%) CN:4 DL:706KiB ETA:52h18m37s]
[#50d851 411MiB/127GiB(0%) CN:4 DL:700KiB ETA:52h44m13s]
[#50d851 412MiB/127GiB(0%) CN:4 DL:672KiB ETA:54h59m28s]
[#50d851 412MiB/127GiB(0%) CN:4 DL:639KiB ETA:57h46m19s]
[#50d851 413MiB/127GiB(0%) CN:4 DL:604KiB ETA:61h5m57s]
[#50d851 413MiB/127GiB(0%) CN:4 DL:574KiB ETA:64h19m39s]
[#50d851 414MiB/127GiB(0%) CN:4 DL:551KiB ETA:67h2m6s]
[#50d851 414MiB/127GiB(0%) CN:4 DL:526KiB ETA:70h15m50s]
[#50d851 414MiB/127GiB(0%) CN:4 DL:492KiB ETA:75h6m35s]
[#50d851 415MiB/127GiB(0%) CN:4 DL:515KiB ETA:71h45m58s]
[#50d851 415MiB/127GiB(0%) CN:4 DL:495KiB ETA:74h37m20s]
[#50d851 416MiB/127GiB(0%) CN:4 DL:477KiB ETA:77h26m47s]
[#50d851 416MiB/127GiB(0%) CN:4 DL:474KiB ETA:77h54m13s]
[#50d851 417MiB/127GiB(0%) CN:4 DL:470KiB ETA:78h35m7s]
[#50d851 417MiB/127GiB(0%) CN:4 DL:459KiB ETA:80h24m18s]
[#50d851 418MiB/127GiB(0%) CN:4 DL:466KiB ETA:79h16m2s]
[#50d851 418MiB/127GiB(0%) CN:4 DL:447KiB ETA:82h37m6s]
[#50d851 419MiB/127GiB(0%) CN:4 DL:458KiB ETA:80h35m26s]
[#50d851 419MiB/127GiB(0%) CN:4 DL:478KiB ETA:77h17m40s]
[#50d851 420MiB/127GiB(0%) CN:4 DL:528KiB ETA:69h55m42s]
[#50d851 421MiB/127GiB(0%) CN:4 DL:549KiB ETA:67h12m38s]
[#50d851 421MiB/127GiB(0%) CN:4 DL:589KiB ETA:62h43m11s]
[#50d851 422MiB/127GiB(0%) CN:4 DL:603KiB ETA:61h13m18s]
[#50d851 423MiB/127GiB(0%) CN:4 DL:633KiB ETA:58h18m17s]
[#50d851 423MiB/127GiB(0%) CN:4 DL:644KiB ETA:57h20m48s]
[#50d851 424MiB/127GiB(0%) CN:4 DL:645KiB ETA:57h14m22s]
[#50d851 424MiB/127GiB(0%) CN:4 DL:635KiB ETA:58h7m35s]
[#50d851 425MiB/127GiB(0%) CN:4 DL:617KiB ETA:59h49m42s]
[#50d851 425MiB/127GiB(0%) CN:4 DL:607KiB ETA:60h47m33s]
[#50d851 426MiB/127GiB(0%) CN:4 DL:585KiB ETA:63h5m46s]
[#50d851 426MiB/127GiB(0%) CN:4 DL:571KiB ETA:64h42m49s]
[#50d851 427MiB/127GiB(0%) CN:4 DL:570KiB ETA:64h50m8s]
[#50d851 428MiB/127GiB(0%) CN:4 DL:553KiB ETA:66h43m41s]
[#50d851 428MiB/127GiB(0%) CN:4 DL:570KiB ETA:64h46m39s]
[#50d851 429MiB/127GiB(0%) CN:4 DL:581KiB ETA:63h34m55s]
[#50d851 429MiB/127GiB(0%) CN:4 DL:588KiB ETA:62h48m2s]
[#50d851 430MiB/127GiB(0%) CN:4 DL:601KiB ETA:61h24m19s]
[#50d851 431MiB/127GiB(0%) CN:4 DL:618KiB ETA:59h46m23s]
[#50d851 431MiB/127GiB(0%) CN:4 DL:624KiB ETA:59h12m29s]
[#50d851 432MiB/127GiB(0%) CN:4 DL:638KiB ETA:57h51m6s]
[#50d851 433MiB/127GiB(0%) CN:4 DL:638KiB ETA:57h53m15s]
[#50d851 433MiB/127GiB(0%) CN:4 DL:622KiB ETA:59h22m26s]
[#50d851 434MiB/127GiB(0%) CN:4 DL:617KiB ETA:59h51m31s]
[#50d851 434MiB/127GiB(0%) CN:4 DL:594KiB ETA:62h11m55s]
 *** Download Progress Summary as of Sat Jan 17 23:58:56 2026 *** 
===============================================================================
[#50d851 435MiB/127GiB(0%) CN:4 DL:586KiB ETA:62h57m50s]
FILE: /scratch/iglesiay/databases/GTDB/gtdb_genomes_reps.tar.gz
-------------------------------------------------------------------------------

